# JRE version: OpenJDK Runtime Environment (21.0.9) (build 21.0.9+-14787801-b1163.94)
# Java VM: OpenJDK 64-Bit Server VM (21.0.9+-14787801-b1163.94, mixed mode, tiered, compressed oops, compressed class ptrs, g1 gc, windows-amd64)
GC Precious Log:
 CardTable entry size: 512
 Card Set container configuration: InlinePtr #cards 4 size 8 Array Of Cards #cards 16 size 48 Howl #buckets 8 coarsen threshold 3686 Howl Bitmap #cards 512 size 80 coarsen threshold 460 Card regions per heap region 1 cards per card region 4096
 CPUs: 12 total, 12 available
 Memory: 16055M
 Large Page Support: Disabled
 NUMA Support: Disabled
 Compressed Oops: Enabled (Zero based)
 Heap Region Size: 2M
 Heap Min Capacity: 8M
 Heap Initial Capacity: 252M
 Heap Max Capacity: 4014M
 Pre-touch: Disabled
 Parallel Workers: 10
 Concurrent Workers: 3
 Concurrent Refinement Workers: 10
 Periodic GC: Disabled
Heap:
 garbage-first heap   total 182272K, used 130455K [0x0000000705200000, 0x0000000800000000)
  region size 2048K, 37 young (75776K), 5 survivors (10240K)
 Metaspace       used 74965K, committed 75328K, reserved 1179648K
  class space    used 8638K, committed 8768K, reserved 1048576K
GC Heap History (20 events):
Event: 0.775 GC heap before
{Heap before GC invocations=1 (full 0):
 garbage-first heap   total 258048K, used 27423K [0x0000000705200000, 0x0000000800000000)
  region size 2048K, 14 young (28672K), 2 survivors (4096K)
 Metaspace       used 21348K, committed 21504K, reserved 1114112K
  class space    used 2289K, committed 2368K, reserved 1048576K
}
Event: 0.780 GC heap after
{Heap after GC invocations=2 (full 0):
 garbage-first heap   total 258048K, used 8622K [0x0000000705200000, 0x0000000800000000)
  region size 2048K, 3 young (6144K), 3 survivors (6144K)
 Metaspace       used 21348K, committed 21504K, reserved 1114112K
  class space    used 2289K, committed 2368K, reserved 1048576K
}
Event: 1.005 GC heap before
{Heap before GC invocations=3 (full 0):
 garbage-first heap   total 34816K, used 33198K [0x0000000705200000, 0x0000000800000000)
  region size 2048K, 15 young (30720K), 3 survivors (6144K)
 Metaspace       used 25592K, committed 25792K, reserved 1114112K
  class space    used 2821K, committed 2880K, reserved 1048576K
}
Event: 1.014 GC heap after
{Heap after GC invocations=4 (full 0):
 garbage-first heap   total 45056K, used 14336K [0x0000000705200000, 0x0000000800000000)
  region size 2048K, 5 young (10240K), 5 survivors (10240K)
 Metaspace       used 25592K, committed 25792K, reserved 1114112K
  class space    used 2821K, committed 2880K, reserved 1048576K
}
Event: 1.205 GC heap before
{Heap before GC invocations=4 (full 0):
 garbage-first heap   total 45056K, used 30720K [0x0000000705200000, 0x0000000800000000)
  region size 2048K, 13 young (26624K), 5 survivors (10240K)
 Metaspace       used 28857K, committed 29120K, reserved 1114112K
  class space    used 3200K, committed 3328K, reserved 1048576K
}
Event: 1.211 GC heap after
{Heap after GC invocations=5 (full 0):
 garbage-first heap   total 45056K, used 16900K [0x0000000705200000, 0x0000000800000000)
  region size 2048K, 1 young (2048K), 1 survivors (2048K)
 Metaspace       used 28857K, committed 29120K, reserved 1114112K
  class space    used 3200K, committed 3328K, reserved 1048576K
}
Event: 1.440 GC heap before
{Heap before GC invocations=5 (full 0):
 garbage-first heap   total 45056K, used 31236K [0x0000000705200000, 0x0000000800000000)
  region size 2048K, 9 young (18432K), 1 survivors (2048K)
 Metaspace       used 34318K, committed 34560K, reserved 1114112K
  class space    used 4288K, committed 4416K, reserved 1048576K
}
Event: 1.442 GC heap after
{Heap after GC invocations=6 (full 0):
 garbage-first heap   total 45056K, used 16685K [0x0000000705200000, 0x0000000800000000)
  region size 2048K, 1 young (2048K), 1 survivors (2048K)
 Metaspace       used 34318K, committed 34560K, reserved 1114112K
  class space    used 4288K, committed 4416K, reserved 1048576K
}
Event: 1.538 GC heap before
{Heap before GC invocations=6 (full 0):
 garbage-first heap   total 45056K, used 26925K [0x0000000705200000, 0x0000000800000000)
  region size 2048K, 8 young (16384K), 1 survivors (2048K)
 Metaspace       used 35758K, committed 35968K, reserved 1114112K
  class space    used 4462K, committed 4544K, reserved 1048576K
}
Event: 1.542 GC heap after
{Heap after GC invocations=7 (full 0):
 garbage-first heap   total 45056K, used 19964K [0x0000000705200000, 0x0000000800000000)
  region size 2048K, 2 young (4096K), 2 survivors (4096K)
 Metaspace       used 35758K, committed 35968K, reserved 1114112K
  class space    used 4462K, committed 4544K, reserved 1048576K
}
Event: 1.646 GC heap before
{Heap before GC invocations=8 (full 0):
 garbage-first heap   total 45056K, used 34300K [0x0000000705200000, 0x0000000800000000)
  region size 2048K, 9 young (18432K), 2 survivors (4096K)
 Metaspace       used 38714K, committed 38976K, reserved 1114112K
  class space    used 4765K, committed 4864K, reserved 1048576K
}
Event: 1.650 GC heap after
{Heap after GC invocations=9 (full 0):
 garbage-first heap   total 151552K, used 20898K [0x0000000705200000, 0x0000000800000000)
  region size 2048K, 1 young (2048K), 1 survivors (2048K)
 Metaspace       used 38714K, committed 38976K, reserved 1114112K
  class space    used 4765K, committed 4864K, reserved 1048576K
}
Event: 3.261 GC heap before
{Heap before GC invocations=9 (full 0):
 garbage-first heap   total 151552K, used 106914K [0x0000000705200000, 0x0000000800000000)
  region size 2048K, 44 young (90112K), 1 survivors (2048K)
 Metaspace       used 54077K, committed 54336K, reserved 1114112K
  class space    used 6387K, committed 6528K, reserved 1048576K
}
Event: 3.282 GC heap after
{Heap after GC invocations=10 (full 0):
 garbage-first heap   total 151552K, used 37523K [0x0000000705200000, 0x0000000800000000)
  region size 2048K, 6 young (12288K), 6 survivors (12288K)
 Metaspace       used 54077K, committed 54336K, reserved 1114112K
  class space    used 6387K, committed 6528K, reserved 1048576K
}
Event: 4.180 GC heap before
{Heap before GC invocations=10 (full 0):
 garbage-first heap   total 151552K, used 70291K [0x0000000705200000, 0x0000000800000000)
  region size 2048K, 23 young (47104K), 6 survivors (12288K)
 Metaspace       used 59890K, committed 60160K, reserved 1114112K
  class space    used 7146K, committed 7296K, reserved 1048576K
}
Event: 4.199 GC heap after
{Heap after GC invocations=11 (full 0):
 garbage-first heap   total 151552K, used 43494K [0x0000000705200000, 0x0000000800000000)
  region size 2048K, 3 young (6144K), 3 survivors (6144K)
 Metaspace       used 59890K, committed 60160K, reserved 1114112K
  class space    used 7146K, committed 7296K, reserved 1048576K
}
Event: 6.106 GC heap before
{Heap before GC invocations=12 (full 0):
 garbage-first heap   total 151552K, used 106982K [0x0000000705200000, 0x0000000800000000)
  region size 2048K, 34 young (69632K), 3 survivors (6144K)
 Metaspace       used 67015K, committed 67328K, reserved 1114112K
  class space    used 7971K, committed 8128K, reserved 1048576K
}
Event: 6.133 GC heap after
{Heap after GC invocations=13 (full 0):
 garbage-first heap   total 151552K, used 55836K [0x0000000705200000, 0x0000000800000000)
  region size 2048K, 5 young (10240K), 5 survivors (10240K)
 Metaspace       used 67015K, committed 67328K, reserved 1114112K
  class space    used 7971K, committed 8128K, reserved 1048576K
}
Event: 7.728 GC heap before
{Heap before GC invocations=13 (full 0):
 garbage-first heap   total 151552K, used 113180K [0x0000000705200000, 0x0000000800000000)
  region size 2048K, 33 young (67584K), 5 survivors (10240K)
 Metaspace       used 71494K, committed 71872K, reserved 1114112K
  class space    used 8337K, committed 8512K, reserved 1048576K
}
Event: 7.765 GC heap after
{Heap after GC invocations=14 (full 0):
 garbage-first heap   total 182272K, used 66967K [0x0000000705200000, 0x0000000800000000)
  region size 2048K, 5 young (10240K), 5 survivors (10240K)
 Metaspace       used 71494K, committed 71872K, reserved 1114112K
  class space    used 8337K, committed 8512K, reserved 1048576K
}

